<?xml version="1.0" encoding="UTF-8"?>
<!-- Generated by org.testng.reporters.JUnitXMLReporter -->
<testsuite ignored="0" hostname="LAPTOP-QVHSJR93" failures="0" tests="4" name="Test" time="131.409" errors="0" timestamp="2022-05-04T16:49:45 IST">
  <testcase classname="com.VTiger.TestCases.TC_02WithTestNG" name="createorg_dd" time="15.487"/>
  <testcase classname="com.VTiger.TestCases.TC_02WithTestNG" name="createorg_dd" time="15.459"/>
  <testcase classname="com.VTiger.TestCases.TC_01WithTestNG" name="createorg" time="14.367"/>
  <testcase classname="com.VTiger.TestCases.TC_03WithTestNG" name="createcontact_org" time="33.945"/>
</testsuite> <!-- Test -->
