<?xml version="1.0" encoding="UTF-8"?>
<!-- Generated by org.testng.reporters.JUnitXMLReporter -->
<testsuite ignored="0" hostname="LAPTOP-QVHSJR93" failures="0" tests="4" name="Test1" time="129.411" errors="0" timestamp="2022-05-04T16:51:54 IST">
  <testcase classname="com.VTiger.TestCases.TC_02WithTestNG" name="createorg_dd" time="15.018"/>
  <testcase classname="com.VTiger.TestCases.TC_02WithTestNG" name="createorg_dd" time="14.566"/>
  <testcase classname="com.VTiger.TestCases.TC_01WithTestNG" name="createorg" time="14.569"/>
  <testcase classname="com.VTiger.TestCases.TC_03WithTestNG" name="createcontact_org" time="34.122"/>
</testsuite> <!-- Test1 -->
