<?xml version="1.0" encoding="UTF-8"?>
<testng-results ignored="0" total="1" passed="1" failed="0" skipped="0">
  <reporter-output>
  </reporter-output>
  <suite started-at="2022-05-06T10:16:07 IST" name="Default suite" finished-at="2022-05-06T10:16:11 IST" duration-ms="3952">
    <groups>
    </groups>
    <test started-at="2022-05-06T10:16:07 IST" name="Default test" finished-at="2022-05-06T10:16:11 IST" duration-ms="3952">
      <class name="com.practice.Screenshot">
        <test-method signature="screen()[pri:0, instance:com.practice.Screenshot@1af2d44a]" started-at="2022-05-06T10:16:07 IST" name="screen" finished-at="2022-05-06T10:16:11 IST" duration-ms="3901" status="PASS">
          <reporter-output>
          </reporter-output>
        </test-method> <!-- screen -->
      </class> <!-- com.practice.Screenshot -->
    </test> <!-- Default test -->
  </suite> <!-- Default suite -->
</testng-results>
